<?xml version="1.0" encoding="UTF-8"?>
<!-- Generated by org.testng.reporters.JUnitXMLReporter -->
<testsuite hostname="LAPTOP-SO85N89J" name="Default test" tests="6" failures="0" timestamp="4 Aug 2022 17:11:52 GMT" time="6.758" errors="0">
  <testcase name="Exp" time="0.784" classname="org.id.IdCreation"/>
  <testcase name="Register" time="0.139" classname="org.id.IdCreation"/>
  <testcase name="mail" time="0.3" classname="org.id.IdCreation"/>
  <testcase name="mobileNumber" time="0.159" classname="org.id.IdCreation"/>
  <testcase name="name" time="0.169" classname="org.id.IdCreation"/>
  <testcase name="password" time="0.132" classname="org.id.IdCreation"/>
</testsuite> <!-- Default test -->
