<?xml version="1.0" encoding="UTF-8"?>
<!-- Generated by org.testng.reporters.JUnitXMLReporter -->
<testsuite hostname="LAPTOP-SO85N89J" name="Test" tests="6" failures="0" timestamp="4 Aug 2022 17:47:18 GMT" time="6.829" errors="0">
  <testcase name="name" time="0.9" classname="org.id.IdCreation"/>
  <testcase name="mail" time="0.297" classname="org.id.IdCreation"/>
  <testcase name="password" time="0.184" classname="org.id.IdCreation"/>
  <testcase name="mobileNumber" time="0.17" classname="org.id.IdCreation"/>
  <testcase name="Exp" time="0.109" classname="org.id.IdCreation"/>
  <testcase name="Register" time="0.085" classname="org.id.IdCreation"/>
</testsuite> <!-- Test -->
